#
# A fatal error has been detected by the Java Runtime Environment:
#
#  EXCEPTION_ACCESS_VIOLATION (0xc0000005) at pc=0x0000000058714a17, pid=5252, tid=6340
#
# JRE version: Java(TM) SE Runtime Environment (8.0_66-b18) (build 1.8.0_66-b18)
# Java VM: Java HotSpot(TM) 64-Bit Server VM (25.66-b18 mixed mode windows-amd64 compressed oops)
# Problematic frame:
# V  [jvm.dll+0x484a17]
#
# Failed to write core dump. Minidumps are not enabled by default on client versions of Windows
#
# If you would like to submit a bug report, please visit:
#   http://bugreport.java.com/bugreport/crash.jsp
#

---------------  T H R E A D  ---------------

Current thread (0x0000000056515800):  JavaThread "C2 CompilerThread1" daemon [_thread_in_native, id=6340, stack(0x0000000056a00000,0x0000000056b00000)]

siginfo: ExceptionCode=0xc0000005, reading address 0x0000000000000050

Registers:
RAX=0x0000000000000000, RBX=0x00000000564c4268, RCX=0x00000000564c4268, RDX=0x00000000564c4220
RSP=0x0000000056afc000, RBP=0x0000000057b0dd70, RSI=0x000000005687c410, RDI=0x0000000000000000
R8 =0x0000000000000010, R9 =0x0000000057b0dd70, R10=0x0000000000000000, R11=0x0000000000000000
R12=0x0000000000000000, R13=0x000000005687c410, R14=0x0000000056afc210, R15=0x000000005890bbb0
RIP=0x0000000058714a17, EFLAGS=0x0000000000010246

Top of Stack: (sp=0x0000000056afc000)
0x0000000056afc000:   00000000564c4268 000000005687c408
0x0000000056afc010:   00000000591ce900 00000000595219e0
0x0000000056afc020:   0000000056afc0f8 0000000056afc0d8
0x0000000056afc030:   0000000056afc210 000000005837b85b
0x0000000056afc040:   0000000054bbea90 000000005760af50
0x0000000056afc050:   0000000000000000 0000000056afc0f9
0x0000000056afc060:   0000000056afc210 0000000058714f79
0x0000000056afc070:   0000000057a12438 0000000057a10940
0x0000000056afc080:   0000000057a0a450 00000000576bdae0
0x0000000056afc090:   0000000000000001 0000000057836c88
0x0000000056afc0a0:   0000000000000000 0000000000000000
0x0000000056afc0b0:   0000000000000000 0000000000000000
0x0000000056afc0c0:   0000000000000000 0000000000000000
0x0000000056afc0d0:   0000000000000000 0000000054bbea90
0x0000000056afc0e0:   0000000000002000 00000000590bb3a0
0x0000000056afc0f0:   00000000000001ab 00000000588fd228 

Instructions: (pc=0x0000000058714a17)
0x00000000587149f7:   48 8b cb e8 91 85 06 00 84 c0 74 14 45 33 c9 4c
0x0000000058714a07:   8b c3 48 8b d7 49 8b ce e8 5c eb ff ff 48 8b f8
0x0000000058714a17:   8b 47 50 39 45 50 77 62 48 3b fd 40 0f 95 c6 4d
0x0000000058714a27:   85 e4 74 17 49 8b 04 24 49 8b cc ff 90 48 01 00 


Register to memory mapping:

RAX=0x0000000000000000 is an unknown value
RBX=0x00000000564c4268 is an unknown value
RCX=0x00000000564c4268 is an unknown value
RDX=0x00000000564c4220 is an unknown value
RSP=0x0000000056afc000 is pointing into the stack for thread: 0x0000000056515800
RBP=0x0000000057b0dd70 is an unknown value
RSI=0x000000005687c410 is an unknown value
RDI=0x0000000000000000 is an unknown value
R8 =0x0000000000000010 is an unknown value
R9 =0x0000000057b0dd70 is an unknown value
R10=0x0000000000000000 is an unknown value
R11=0x0000000000000000 is an unknown value
R12=0x0000000000000000 is an unknown value
R13=0x000000005687c410 is an unknown value
R14=0x0000000056afc210 is pointing into the stack for thread: 0x0000000056515800
R15=0x000000005890bbb0 is an unknown value


Stack: [0x0000000056a00000,0x0000000056b00000],  sp=0x0000000056afc000,  free space=1008k
Native frames: (J=compiled Java code, j=interpreted, Vv=VM code, C=native code)
V  [jvm.dll+0x484a17]
V  [jvm.dll+0x484f79]
V  [jvm.dll+0x485cfa]
V  [jvm.dll+0x46d47c]
V  [jvm.dll+0x46fb72]
V  [jvm.dll+0x452d12]
V  [jvm.dll+0xa4912]
V  [jvm.dll+0xa524f]
V  [jvm.dll+0x243274]
V  [jvm.dll+0x29a0fa]
C  [msvcr100.dll+0x21d9f]
C  [msvcr100.dll+0x21e3b]
C  [kernel32.dll+0x1652d]
C  [ntdll.dll+0x2c541]


Current CompileTask:
C2:   6189 1453       4       com.android.dx.rop.code.Rops::ropFor (771 bytes)


---------------  P R O C E S S  ---------------

Java Threads: ( => current thread )
  0x00000000566bc800 JavaThread "pool-1-thread-4" [_thread_blocked, id=9132, stack(0x0000000057460000,0x0000000057560000)]
  0x00000000566b8800 JavaThread "pool-1-thread-3" [_thread_blocked, id=5680, stack(0x0000000057240000,0x0000000057340000)]
  0x00000000566b8000 JavaThread "pool-1-thread-2" [_thread_blocked, id=4044, stack(0x00000000570a0000,0x00000000571a0000)]
  0x00000000566b7000 JavaThread "pool-2-thread-1" [_thread_blocked, id=7840, stack(0x00000000560a0000,0x00000000561a0000)]
  0x00000000566ab000 JavaThread "pool-1-thread-1" [_thread_blocked, id=7188, stack(0x0000000056b00000,0x0000000056c00000)]
  0x0000000056519800 JavaThread "Service Thread" daemon [_thread_blocked, id=872, stack(0x0000000056da0000,0x0000000056ea0000)]
  0x0000000056516800 JavaThread "C1 CompilerThread2" daemon [_thread_blocked, id=1516, stack(0x0000000056c30000,0x0000000056d30000)]
=>0x0000000056515800 JavaThread "C2 CompilerThread1" daemon [_thread_in_native, id=6340, stack(0x0000000056a00000,0x0000000056b00000)]
  0x0000000054bc6000 JavaThread "C2 CompilerThread0" daemon [_thread_in_native, id=8368, stack(0x00000000563c0000,0x00000000564c0000)]
  0x0000000054bc4800 JavaThread "Attach Listener" daemon [_thread_blocked, id=3344, stack(0x00000000561b0000,0x00000000562b0000)]
  0x0000000054bc1000 JavaThread "Signal Dispatcher" daemon [_thread_blocked, id=3320, stack(0x0000000055fa0000,0x00000000560a0000)]
  0x0000000054b61000 JavaThread "Finalizer" daemon [_thread_blocked, id=4188, stack(0x0000000055dd0000,0x0000000055ed0000)]
  0x0000000054b60000 JavaThread "Reference Handler" daemon [_thread_blocked, id=5960, stack(0x0000000055ab0000,0x0000000055bb0000)]
  0x0000000001cbf800 JavaThread "main" [_thread_blocked, id=4252, stack(0x0000000001e50000,0x0000000001f50000)]

Other Threads:
  0x0000000054b5a800 VMThread [stack: 0x0000000055c80000,0x0000000055d80000] [id=8308]
  0x0000000056524800 WatcherThread [stack: 0x0000000056ee0000,0x0000000056fe0000] [id=6200]

VM state:not at safepoint (normal execution)

VM Mutex/Monitor currently owned by a thread: None

Heap:
 PSYoungGen      total 76288K, used 49839K [0x00000000eab00000, 0x00000000f0000000, 0x0000000100000000)
  eden space 65536K, 76% used [0x00000000eab00000,0x00000000edbabf18,0x00000000eeb00000)
  from space 10752K, 0% used [0x00000000ef580000,0x00000000ef580000,0x00000000f0000000)
  to   space 10752K, 0% used [0x00000000eeb00000,0x00000000eeb00000,0x00000000ef580000)
 ParOldGen       total 175104K, used 0K [0x00000000c0000000, 0x00000000cab00000, 0x00000000eab00000)
  object space 175104K, 0% used [0x00000000c0000000,0x00000000c0000000,0x00000000cab00000)
 Metaspace       used 6033K, capacity 6960K, committed 7040K, reserved 1056768K
  class space    used 597K, capacity 616K, committed 640K, reserved 1048576K

Card table byte_map: [0x0000000011680000,0x0000000011890000] byte_map_base: 0x0000000011080000

Marking Bits: (ParMarkBitMap*) 0x0000000058a9a5b0
 Begin Bits: [0x0000000011fd0000, 0x0000000012fd0000)
 End Bits:   [0x0000000012fd0000, 0x0000000013fd0000)

Polling page: 0x00000000000a0000

CodeCache: size=245760Kb used=6172Kb max_used=6185Kb free=239587Kb
 bounds [0x00000000022c0000, 0x00000000028d0000, 0x00000000112c0000]
 total_blobs=1713 nmethods=1445 adapters=182
 compilation: enabled

Compilation events (10 events):
Event: 5.904 Thread 0x0000000054bc6000 1458       4       com.android.dx.ssa.SsaMethod::getUseListCopy (56 bytes)
Event: 5.906 Thread 0x0000000056516800 1462       3       java.util.concurrent.locks.AbstractQueuedSynchronizer$Node::predecessor (19 bytes)
Event: 5.906 Thread 0x0000000056516800 nmethod 1462 0x00000000028947d0 code [0x0000000002894940, 0x0000000002894b88]
Event: 5.911 Thread 0x0000000054bc6000 nmethod 1458 0x0000000002893dd0 code [0x0000000002893f40, 0x0000000002894428]
Event: 5.911 Thread 0x0000000054bc6000 1460       4       java.util.ArrayList::removeRange (75 bytes)
Event: 5.914 Thread 0x0000000054bc6000 nmethod 1460 0x00000000028a98d0 code [0x00000000028a9a20, 0x00000000028a9b98]
Event: 5.914 Thread 0x0000000054bc6000 1459       4       java.util.ArrayList$SubList::removeRange (47 bytes)
Event: 5.917 Thread 0x0000000054bc6000 nmethod 1459 0x00000000028937d0 code [0x0000000002893920, 0x0000000002893b78]
Event: 5.917 Thread 0x0000000054bc6000 1461       4       com.android.dx.ssa.SsaBasicBlock::scheduleMovesFromPhis (108 bytes)
Event: 5.918 Thread 0x0000000054bc6000 nmethod 1461 0x0000000002872390 code [0x00000000028724c0, 0x0000000002872558]

GC Heap History (0 events):
No events

Deoptimization events (10 events):
Event: 1.381 Thread 0x00000000566bc800 Uncommon trap: reason=unstable_if action=reinterpret pc=0x000000000248f070 method=java.util.HashMap.getNode(ILjava/lang/Object;)Ljava/util/HashMap$Node; @ 129
Event: 1.580 Thread 0x00000000566b8000 Uncommon trap: reason=unstable_if action=reinterpret pc=0x0000000002496520 method=java.util.BitSet.nextSetBit(I)I @ 87
Event: 2.307 Thread 0x00000000566b8000 Uncommon trap: reason=null_check action=make_not_entrant pc=0x00000000025da8a8 method=com.android.dx.ssa.SsaRenamer.getLocalForNewReg(I)Lcom/android/dx/rop/code/LocalItem; @ 19
Event: 2.307 Thread 0x00000000566b8000 Uncommon trap: reason=null_check action=make_not_entrant pc=0x0000000002571b28 method=com.android.dx.ssa.SsaRenamer.getLocalForNewReg(I)Lcom/android/dx/rop/code/LocalItem; @ 19
Event: 2.366 Thread 0x00000000566ab000 Uncommon trap: reason=unstable_if action=reinterpret pc=0x00000000024f8e84 method=com.android.dx.rop.cst.Constant.compareTo(Lcom/android/dx/rop/cst/Constant;)I @ 12
Event: 2.368 Thread 0x00000000566ab000 Uncommon trap: reason=unstable_if action=reinterpret pc=0x000000000267fbac method=com.android.dx.util.IntList.binarysearch(I)I @ 105
Event: 3.209 Thread 0x00000000566bc800 Uncommon trap: reason=bimorphic action=maybe_recompile pc=0x00000000027a5d10 method=com.android.dx.cf.code.BytecodeArray.parseInstruction(ILcom/android/dx/cf/code/BytecodeArray$Visitor;)I @ 1130
Event: 3.209 Thread 0x00000000566bc800 Uncommon trap: reason=bimorphic action=maybe_recompile pc=0x00000000027a7920 method=com.android.dx.cf.code.BytecodeArray.parseInstruction(ILcom/android/dx/cf/code/BytecodeArray$Visitor;)I @ 907
Event: 3.209 Thread 0x00000000566bc800 Uncommon trap: reason=uninitialized action=reinterpret pc=0x00000000027a7524 method=com.android.dx.cf.code.BytecodeArray.parseInstruction(ILcom/android/dx/cf/code/BytecodeArray$Visitor;)I @ 1047
Event: 3.775 Thread 0x00000000566ab000 Uncommon trap: reason=unstable_if action=reinterpret pc=0x000000000283090c method=com.android.dx.util.IntList.sort()V @ 8

Internal exceptions (4 events):
Event: 0.042 Thread 0x0000000001cbf800 Exception <a 'java/lang/NoSuchMethodError': Method sun.misc.Unsafe.defineClass(Ljava/lang/String;[BII)Ljava/lang/Class; name or signature does not match> (0x00000000eab0d7a0) thrown at [C:\re\workspace\8-2-build-windows-amd64-cygwin\jdk8u66\5298\hotspot\sr¨‚T Ç¥?
Event: 0.043 Thread 0x0000000001cbf800 Exception <a 'java/lang/NoSuchMethodError': Method sun.misc.Unsafe.prefetchRead(Ljava/lang/Object;J)V name or signature does not match> (0x00000000eab0da88) thrown at [C:\re\workspace\8-2-build-windows-amd64-cygwin\jdk8u66\5298\hotspot\src\share\vm\prims\j¾Ðíu@
Event: 2.307 Thread 0x00000000566b8000 Implicit null exception at 0x00000000025d8b33 to 0x00000000025da885
Event: 2.307 Thread 0x00000000566b8000 Implicit null exception at 0x000000000256f967 to 0x0000000002571b0d

Events (10 events):
Event: 3.775 Thread 0x00000000566ab000 DEOPT PACKING pc=0x000000000283090c sp=0x0000000056bfe740
Event: 3.775 Thread 0x00000000566ab000 DEOPT UNPACKING pc=0x000000000230582a sp=0x0000000056bfe660 mode 2
Event: 3.849 Thread 0x00000000566ab000 DEOPT PACKING pc=0x00000000024bea67 sp=0x0000000056bfe7f0
Event: 3.849 Thread 0x00000000566ab000 DEOPT UNPACKING pc=0x000000000230747f sp=0x0000000056bfe570 mode 0
Event: 3.852 Thread 0x00000000566ab000 DEOPT PACKING pc=0x00000000024f21a9 sp=0x0000000056bfe6e0
Event: 3.852 Thread 0x00000000566ab000 DEOPT UNPACKING pc=0x000000000230747f sp=0x0000000056bfe4a8 mode 0
Event: 4.124 Thread 0x00000000566b8000 DEOPT PACKING pc=0x00000000024f56d8 sp=0x000000005719e900
Event: 4.124 Thread 0x00000000566b8000 DEOPT UNPACKING pc=0x000000000230747f sp=0x000000005719e698 mode 0
Event: 4.193 Executing VM operation: EnableBiasedLocking
Event: 4.193 Executing VM operation: EnableBiasedLocking done


Dynamic libraries:
0x000000013f9e0000 - 0x000000013fa17000 	C:\Program Files\Java\jdk1.8.0_66\bin\java.exe
0x00000000770a0000 - 0x0000000077249000 	C:\Windows\SYSTEM32\ntdll.dll
0x0000000076f80000 - 0x000000007709f000 	C:\Windows\system32\kernel32.dll
0x000007fefd190000 - 0x000007fefd1fb000 	C:\Windows\system32\KERNELBASE.dll
0x000007fefe840000 - 0x000007fefe91b000 	C:\Windows\system32\ADVAPI32.dll
0x000007fefe730000 - 0x000007fefe7cf000 	C:\Windows\system32\msvcrt.dll
0x000007fefe710000 - 0x000007fefe72f000 	C:\Windows\SYSTEM32\sechost.dll
0x000007fefe3a0000 - 0x000007fefe4cd000 	C:\Windows\system32\RPCRT4.dll
0x0000000076e80000 - 0x0000000076f7a000 	C:\Windows\system32\USER32.dll
0x000007fefe7d0000 - 0x000007fefe837000 	C:\Windows\system32\GDI32.dll
0x000007fefe0e0000 - 0x000007fefe0ee000 	C:\Windows\system32\LPK.dll
0x000007fefe0f0000 - 0x000007fefe1b9000 	C:\Windows\system32\USP10.dll
0x000007fefb9e0000 - 0x000007fefbbd4000 	C:\Windows\WinSxS\amd64_microsoft.windows.common-controls_6595b64144ccf1df_6.0.7601.17514_none_fa396087175ac9ac\COMCTL32.dll
0x000007feff330000 - 0x000007feff3a1000 	C:\Windows\system32\SHLWAPI.dll
0x000007fefe5e0000 - 0x000007fefe60e000 	C:\Windows\system32\IMM32.DLL
0x000007fefe4d0000 - 0x000007fefe5d9000 	C:\Windows\system32\MSCTF.dll
0x00000000774b0000 - 0x0000000077582000 	C:\Program Files\Java\jdk1.8.0_66\jre\bin\msvcr100.dll
0x0000000058290000 - 0x0000000058b19000 	C:\Program Files\Java\jdk1.8.0_66\jre\bin\server\jvm.dll
0x000007fef0d90000 - 0x000007fef0d99000 	C:\Windows\system32\WSOCK32.dll
0x000007fefe6c0000 - 0x000007fefe70d000 	C:\Windows\system32\WS2_32.dll
0x000007fefe6b0000 - 0x000007fefe6b8000 	C:\Windows\system32\NSI.dll
0x000007fefa930000 - 0x000007fefa96b000 	C:\Windows\system32\WINMM.dll
0x000007fefbf20000 - 0x000007fefbf2c000 	C:\Windows\system32\VERSION.dll
0x0000000077270000 - 0x0000000077277000 	C:\Windows\system32\PSAPI.DLL
0x0000000074040000 - 0x000000007404f000 	C:\Program Files\Java\jdk1.8.0_66\jre\bin\verify.dll
0x0000000074010000 - 0x0000000074039000 	C:\Program Files\Java\jdk1.8.0_66\jre\bin\java.dll
0x0000000073ff0000 - 0x0000000074006000 	C:\Program Files\Java\jdk1.8.0_66\jre\bin\zip.dll
0x000007fefd210000 - 0x000007fefdf98000 	C:\Windows\system32\SHELL32.dll
0x000007feff100000 - 0x000007feff303000 	C:\Windows\system32\ole32.dll
0x000007fefce50000 - 0x000007fefce5f000 	C:\Windows\system32\profapi.dll
0x000007fef3bc0000 - 0x000007fef3ce5000 	C:\Windows\system32\dbghelp.dll

VM Arguments:
jvm_args: -Djava.awt.headless=true -Xmx1024M -Dfile.encoding=windows-1252 -Duser.country=US -Duser.language=en -Duser.variant 
java_command: com.android.dx.command.Main --dex --force-jumbo --num-threads=4 --output D:\Android Studio Projects\Projects\AntsquareTask\app\build\intermediates\pre-dexed\debug\com.twilio-conversations-android-0.12.0_5835e6403ed32981f002f5ba0898d6750a3b9626.jar D:\Android Studio Projects\Projects\AntsquareTask\app\build\intermediates\exploded-aar\com.twilio\conversations-android\0.12.0\jars\classes.jar
java_class_path (initial): D:\AndroidSDK\build-tools\23.0.3\lib\dx.jar
Launcher Type: SUN_STANDARD

Environment Variables:
PATH=C:\Program Files (x86)\NVIDIA Corporation\PhysX\Common;C:\ProgramData\Oracle\Java\javapath;C:\RailsInstaller\Ruby2.1.0\bin;C:\Program Files (x86)\Common Files\Microsoft Shared\Windows Live;C:\Program Files (x86)\AMD APP\bin\x86_64;C:\Program Files (x86)\AMD APP\bin\x86;C:\Windows\system32;C:\Windows;C:\Windows\System32\Wbem;C:\Windows\System32\WindowsPowerShell\v1.0\;C:\Program Files (x86)\ATI Technologies\ATI.ACE\Core-Static;C:\Program Files (x86)\Heroku\bin;C:\Program Files (x86)\git\cmd;C:\Program Files\nodejs\;C:\RailsInstaller\Git\cmd;D:\MiKTeX\miktex\bin\;C:\Program Files\Java\jdk1.8.0_66\bin;C:\Program Files (x86)\AMD\ATI.ACE\Core-Static;C:\Program Files (x86)\Skype\Phone\;C:\Program Files (x86)\GtkSharp\2.12\bin;D:\QuickTime\QTSystem\;C:\Windows\system32\config\systemprofile\.dnx\bin;C:\Program Files\Microsoft DNX\Dnvm\;C:\Program Files\Microsoft SQL Server\130\Tools\Binn\;D:\php-sdk\phpdev\vc14\x64\php-7.0.7-vc14-x64\php.exe;D:\XAMPP\php\php.exe;C:\Users\Rudolf\AppData\Roaming\npm;D:\XAMPP\php\php.exe
USERNAME=Rudolf
OS=Windows_NT
PROCESSOR_IDENTIFIER=AMD64 Family 21 Model 16 Stepping 1, AuthenticAMD



---------------  S Y S T E M  ---------------

OS: Windows 7 , 64 bit Build 7601 (6.1.7601.18015)

CPU:total 4 (4 cores per cpu, 1 threads per core) family 21 model 16 stepping 1, cmov, cx8, fxsr, mmx, sse, sse2, sse3, ssse3, sse4.1, sse4.2, popcnt, avx, aes, clmul, mmxext, 3dnowpref, lzcnt, sse4a, tsc, tscinvbit, tscinv, bmi1

Memory: 4k page, physical 16723080k(11845176k free), swap 33444296k(24808156k free)

vm_info: Java HotSpot(TM) 64-Bit Server VM (25.66-b18) for windows-amd64 JRE (1.8.0_66-b18), built on Nov  9 2015 10:51:13 by "java_re" with MS VC++ 10.0 (VS2010)

time: Thu Jun 09 02:21:55 2016
elapsed time: 6 seconds (0d 0h 0m 6s)

